<?xml version="1.0" encoding="UTF-8"?>
<!-- Generated by org.testng.reporters.JUnitReportReporter -->
<testsuite hostname="Razin-Win11" failures="0" tests="2" name="test.basicTests" time="6.216" errors="0" timestamp="2025-04-16T23:50:19 EDT" skipped="0">
  <testcase classname="test.basicTests" name="secondTest" time="0.014"/>
  <system-out/>
  <testcase classname="test.basicTests" name="userLogin" time="6.202"/>
  <system-out/>
</testsuite> <!-- test.basicTests -->
