<?xml version="1.0" encoding="UTF-8"?>
<!-- Generated by org.testng.reporters.JUnitReportReporter -->
<testsuite hostname="Razin-Win11" failures="0" tests="2" name="test.basicTests" time="0.016" errors="0" timestamp="2025-02-22T15:21:00 EST" skipped="0">
  <testcase classname="test.basicTests" name="Demo" time="0.015"/>
  <system-out/>
  <testcase classname="test.basicTests" name="secondTest" time="0.001"/>
  <system-out/>
</testsuite> <!-- test.basicTests -->
